<?xml version="1.0" encoding="UTF-8"?>
<!-- Generated by org.testng.reporters.JUnitReportReporter -->
<testsuite hostname="DESKTOP-CD55OUS" failures="0" tests="1" name="script.DemoTest" time="9.032" errors="0" timestamp="2023-09-12T19:48:34 IST" skipped="0">
  <testcase classname="script.DemoTest" name="testA" time="9.032">
    <system-out>
      <![CDATA[Google
RC:3
CC:3
valueBhanu]]>
    </system-out>
  </testcase> <!-- testA -->
  <system-out>
    <![CDATA[Google
RC:3
CC:3
valueBhanu]]>
  </system-out>
</testsuite> <!-- script.DemoTest -->
