<?xml version="1.0" encoding="UTF-8"?>
<!-- Generated by org.testng.reporters.JUnitReportReporter -->
<testsuite hostname="DESKTOP-CD55OUS" failures="0" tests="1" name="script.DemoTest2" time="20.782" errors="0" timestamp="2023-09-13T20:49:07 IST" skipped="0">
  <testcase classname="script.DemoTest2" name="testB" time="20.782">
    <system-out>
      <![CDATA[actiTIME - Login]]>
    </system-out>
  </testcase> <!-- testB -->
  <system-out>
    <![CDATA[actiTIME - Login
actiTIME - Login
actiTIME - Login
Home Page is displayed]]>
  </system-out>
</testsuite> <!-- script.DemoTest2 -->
